2023/10/17 08:35:15 Successful in Fetching all the Data in Database
2023/10/17 08:39:13 Successful in Fetching all the Data in Database
2023/10/17 08:39:13 Host:  127.0.0.1:3000
2023/10/17 08:43:31 -----------------------Fetch Data----------------------
2023/10/17 08:43:31 Successful in Fetching all the Data in Database
2023/10/17 08:43:31 Host:  127.0.0.1:3000
2023/10/17 08:43:31 -----------------------END----------------------
2023/10/17 08:44:38 -----------------------Fetch Data----------------------
2023/10/17 08:44:38 Successful in Fetching all the Data in Database
2023/10/17 08:44:38 Host:  127.0.0.1:3000
2023/10/17 08:44:38 [{1 velasco vinz monami teacher} {2 justiel vinz justiel vrelasco student} {3 justiel vinz justiel vrelasco student} {4 justiel vinz justiel $2a$10$ICXMAaztauD5zmR8.lfOeOABHKis1L7vTP3ij6BYqVoc0B9iz64Yq student} {5 justiel vinz justiel $2a$10$V8LjcCooatNP04WLJFA8A.C8eoKGUQytazaije9I7/jwJn92PctCa student} {6 justiel vinz justiel $2a$10$zFGGur8R6ukpY9MKclXtjONxFoAiL6f41W3sDyALRmk4b5Lm2IOvW student}]
2023/10/17 08:44:38 -----------------------END-----------------------------
2023/10/17 09:37:47 -----------------------Fetch Data----------------------
2023/10/17 09:37:47 Successful in Fetching all the Data in Database
2023/10/17 09:37:47 Host:  127.0.0.1:3000
2023/10/17 09:37:47 [{1 velasco vinz monami teacher} {2 justiel vinz justiel vrelasco student} {3 justiel vinz justiel vrelasco student} {4 justiel vinz justiel $2a$10$ICXMAaztauD5zmR8.lfOeOABHKis1L7vTP3ij6BYqVoc0B9iz64Yq student} {5 justiel vinz justiel $2a$10$V8LjcCooatNP04WLJFA8A.C8eoKGUQytazaije9I7/jwJn92PctCa student} {6 justiel vinz justiel $2a$10$zFGGur8R6ukpY9MKclXtjONxFoAiL6f41W3sDyALRmk4b5Lm2IOvW student}]
2023/10/17 09:37:47 -----------------------END-----------------------------
2023/10/17 09:38:19 -----------------------Fetch Data----------------------
2023/10/17 09:38:19 Successful in Fetching all the Data in Database
2023/10/17 09:38:19 Host:  127.0.0.1:3000
2023/10/17 09:38:19 []
2023/10/17 09:38:19 -----------------------END-----------------------------
2023/10/17 09:38:21 -----------------------Fetch Data----------------------
2023/10/17 09:38:21 Successful in Fetching all the Data in Database
2023/10/17 09:38:21 Host:  127.0.0.1:3000
2023/10/17 09:38:21 []
2023/10/17 09:38:21 -----------------------END-----------------------------
2023/10/17 09:38:55 -----------------------Fetch Data----------------------
2023/10/17 09:38:55 Successful in Fetching all the Data in Database
2023/10/17 09:38:55 Host:  127.0.0.1:3000
2023/10/17 09:38:55 [{1 velasco vinz monami teacher} {2 justiel vinz justiel vrelasco student} {3 justiel vinz justiel vrelasco student} {4 justiel vinz justiel $2a$10$ICXMAaztauD5zmR8.lfOeOABHKis1L7vTP3ij6BYqVoc0B9iz64Yq student} {5 justiel vinz justiel $2a$10$V8LjcCooatNP04WLJFA8A.C8eoKGUQytazaije9I7/jwJn92PctCa student} {6 justiel vinz justiel $2a$10$zFGGur8R6ukpY9MKclXtjONxFoAiL6f41W3sDyALRmk4b5Lm2IOvW student}]
2023/10/17 09:38:55 -----------------------END-----------------------------
2023/10/17 09:41:33 -----------------------Fetch Data----------------------
2023/10/17 09:41:33 Successful in Fetching all the Data in Database
2023/10/17 09:41:33 Host:  127.0.0.1:3000
2023/10/17 09:41:33 {0     }
2023/10/17 09:41:33 -----------------------END-----------------------------
2023/10/17 09:42:04 -----------------------Fetch Data----------------------
2023/10/17 09:42:04 Successful in Fetching all the Data in Database
2023/10/17 09:42:04 Host:  127.0.0.1:3000
2023/10/17 09:42:04 {1 velasco vinz   teacher}
2023/10/17 09:42:04 -----------------------END-----------------------------
2023/10/17 09:45:27 Successful in Fetching all the Data in Database
2023/10/17 09:46:25 -----------------------Fetch Data----------------------
2023/10/17 09:46:25 Successful in Fetching all the Data in Database
2023/10/17 09:46:25 Host:  127.0.0.1:3000
2023/10/17 09:46:25 {1 velasco vinz   teacher}
2023/10/17 09:46:25 -----------------------END-----------------------------
2023/10/17 09:47:33 -----------------------Fetch Data----------------------
2023/10/17 09:47:33 Successful in Fetching all the Data in Database
2023/10/17 09:47:33 Host:  127.0.0.1:3000
2023/10/17 09:47:33 {0     }
2023/10/17 09:47:33 -----------------------END-----------------------------
2023/10/17 09:48:29 -----------------------Fetch Data----------------------
2023/10/17 09:48:29 Successful in Fetching all the Data in Database
2023/10/17 09:48:29 Host:  127.0.0.1:3000
2023/10/17 09:48:29 {0     }
2023/10/17 09:48:29 -----------------------END-----------------------------
2023/10/17 09:56:06 -----------------------Fetch Data----------------------
2023/10/17 09:56:06 Successful in Fetching all the Data in Database
2023/10/17 09:56:06 Host:  127.0.0.1:3000
2023/10/17 09:56:06 {0    }
2023/10/17 09:56:06 -----------------------END-----------------------------
2023/10/17 13:14:04 -----------------------Fetch Data----------------------
2023/10/17 13:14:04 Successful in Fetching all the Data in Database
2023/10/17 13:14:04 Host:  127.0.0.1:3000
2023/10/17 13:14:04 {0    }
2023/10/17 13:14:04 -----------------------END-----------------------------
2023/10/17 13:14:30 Successful in Fetching all the Data in Database
2023/10/17 13:15:17 Successful in Fetching all the Data in Database
2023/10/17 13:15:59 Successful in Fetching all the Data in Database
2023/10/17 13:16:05 Successful in Fetching all the Data in Database
2023/10/17 13:16:09 Successful in Fetching all the Data in Database
2023/10/17 13:41:04 The Generate Key is :  []
2023/10/17 13:42:15 The Generate Key is :  []
2023/10/17 13:56:23 -----------------------Fetch Data----------------------
2023/10/17 13:56:23 Successful in Fetching all the Data in Database
2023/10/17 13:56:23 Host:  127.0.0.1:3000
2023/10/17 13:56:23 {0    }
2023/10/17 13:56:23 -----------------------END-----------------------------
2023/10/17 13:58:53 -----------------------Fetch Data----------------------
2023/10/17 13:58:53 Successful in Fetching all the Data in Database
2023/10/17 13:58:53 Host:  127.0.0.1:3000
2023/10/17 13:58:53 {0    }
2023/10/17 13:58:53 -----------------------END-----------------------------
2023/10/17 14:07:08 -----------------------Fetch Data----------------------
2023/10/17 14:07:08 Successful in Fetching all the Data in Database
2023/10/17 14:07:08 Host:  127.0.0.1:3000
2023/10/17 14:07:08 {0    }
2023/10/17 14:07:08 -----------------------END-----------------------------
2023/10/17 14:24:15 -----------------------Fetch Data----------------------
2023/10/17 14:24:15 Successful in Fetching all the Data in Database
2023/10/17 14:24:15 Host:  127.0.0.1:3000
2023/10/17 14:24:15 {0    }
2023/10/17 14:24:15 -----------------------END-----------------------------
2023/10/17 14:24:45 -----------------------Fetch Data----------------------
2023/10/17 14:24:45 Successful in Fetching all the Data in Database
2023/10/17 14:24:45 Host:  127.0.0.1:3000
2023/10/17 14:24:45 {0    }
2023/10/17 14:24:45 -----------------------END-----------------------------
2023/10/17 14:48:52 -----------------------Fetch Data----------------------
2023/10/17 14:48:52 Successful in Fetching all the Data in Database
2023/10/17 14:48:52 Host:  127.0.0.1:3000
2023/10/17 14:48:52 {0    }
2023/10/17 14:48:52 -----------------------END-----------------------------
2023/10/17 14:54:09 -----------------------Fetch Data----------------------
2023/10/17 14:54:09 Successful in Fetching all the Data in Database
2023/10/17 14:54:09 Host:  127.0.0.1:3000
2023/10/17 14:54:09 [{1 Justiel Vinz C. Velasco justiel $2a$10$Yp.IupqYp0ywv820BqHSqu8LFO0lgS0VQC2Na8FM5SylK/fHPr1e. student} {2 Kate Maureen Hachaso Maui $2a$10$vC78UcRws8H/ZkEmtPaDbe7zdvy/RG1ATN3hZWDNC5fPFiL9G3QAu teacher}]
2023/10/17 14:54:09 -----------------------END-----------------------------
2023/10/17 14:54:10 -----------------------Fetch Data----------------------
2023/10/17 14:54:10 Successful in Fetching all the Data in Database
2023/10/17 14:54:10 Host:  127.0.0.1:3000
2023/10/17 14:54:10 [{1 Justiel Vinz C. Velasco justiel $2a$10$Yp.IupqYp0ywv820BqHSqu8LFO0lgS0VQC2Na8FM5SylK/fHPr1e. student} {2 Kate Maureen Hachaso Maui $2a$10$vC78UcRws8H/ZkEmtPaDbe7zdvy/RG1ATN3hZWDNC5fPFiL9G3QAu teacher}]
2023/10/17 14:54:10 -----------------------END-----------------------------
2023/10/17 15:00:13 -----------------------Fetch Data----------------------
2023/10/17 15:00:13 Successful in Fetching all the Data in Database
2023/10/17 15:00:13 Host:  127.0.0.1:3000
2023/10/17 15:00:13 [{1 Justiel Vinz C. Velasco justiel $2a$10$Yp.IupqYp0ywv820BqHSqu8LFO0lgS0VQC2Na8FM5SylK/fHPr1e. student} {2 Kate Maureen Hachaso Maui $2a$10$vC78UcRws8H/ZkEmtPaDbe7zdvy/RG1ATN3hZWDNC5fPFiL9G3QAu teacher} {3 Chienlo Mejia Longlong $2a$10$p097vwi2iv2/Q3l3h5vZjewSoU.A1vBAJbgGldAu8u0Y2sc1SWcy. teacher} {4 Chienlo Mejia Pewe $2a$10$5Yh99oJuJOyXO3FG1KUCQODtjqB.CYxDqRaoL/fDJhdu.TVYP3.02 teacher}]
2023/10/17 15:00:13 -----------------------END-----------------------------
2023/10/17 15:26:18 -----------------------Fetch Data----------------------
2023/10/17 15:26:18 Successful in Fetching all the Data in Database
2023/10/17 15:26:18 Host:  127.0.0.1:3000
2023/10/17 15:26:18 [{1 Justiel Vinz C. Velasco justiel $2a$10$Yp.IupqYp0ywv820BqHSqu8LFO0lgS0VQC2Na8FM5SylK/fHPr1e. student} {2 Kate Maureen Hachaso Maui $2a$10$vC78UcRws8H/ZkEmtPaDbe7zdvy/RG1ATN3hZWDNC5fPFiL9G3QAu teacher} {3 Chienlo Mejia Longlong $2a$10$p097vwi2iv2/Q3l3h5vZjewSoU.A1vBAJbgGldAu8u0Y2sc1SWcy. teacher} {4 Chienlo Mejia Pewe $2a$10$5Yh99oJuJOyXO3FG1KUCQODtjqB.CYxDqRaoL/fDJhdu.TVYP3.02 teacher}]
2023/10/17 15:26:18 -----------------------END-----------------------------
